#
# A fatal error has been detected by the Java Runtime Environment:
#
#  EXCEPTION_ACCESS_VIOLATION (0xc0000005) at pc=0x0000000071774576, pid=220, tid=0x0000000000000e64
#
# JRE version: Java(TM) SE Runtime Environment (8.0_181-b13) (build 1.8.0_181-b13)
# Java VM: Java HotSpot(TM) 64-Bit Server VM (25.181-b13 mixed mode windows-amd64 compressed oops)
# Problematic frame:
# V  [jvm.dll+0x4a4576]
#
# Failed to write core dump. Minidumps are not enabled by default on client versions of Windows
#
# If you would like to submit a bug report, please visit:
#   http://bugreport.java.com/bugreport/crash.jsp
#

---------------  T H R E A D  ---------------

Current thread (0x00000000575b7800):  JavaThread "C2 CompilerThread0" daemon [_thread_in_native, id=3684, stack(0x0000000058db0000,0x0000000058eb0000)]

siginfo: ExceptionCode=0xc0000005, reading address 0x0000000000594769

Registers:
RAX=0x00000000575b7800, RBX=0x0000000058eaeb80, RCX=0x000000000000000b, RDX=0x000000000000060e
RSP=0x0000000058eac320, RBP=0x0000000058eac7d0, RSI=0x0000000059e574a0, RDI=0x000000000000060e
R8 =0x0000000000594769, R9 =0x0000000071af3440, R10=0x00000000712d0000, R11=0x0000000000000006
R12=0x0000000071af3440, R13=0x00000000712d0000, R14=0x00000000712d0000, R15=0x0000000000000000
RIP=0x0000000071774576, EFLAGS=0x0000000000010206

Top of Stack: (sp=0x0000000058eac320)
0x0000000058eac320:   000000000000030a 0000000071738c84
0x0000000058eac330:   0000000058eac7d0 0000000058eac7d0
0x0000000058eac340:   000000000000060e 000000007176fe04
0x0000000058eac350:   0000000059e574a0 0000000058eac4e0
0x0000000058eac360:   0000000058eac7d0 0000000058eac4e0
0x0000000058eac370:   000003ef00000001 0000000000000008
0x0000000058eac380:   0000000059461fc0 0000000000000004
0x0000000058eac390:   0000000059e6c8b0 0000000000000007
0x0000000058eac3a0:   0000000059e6c8a0 0000000059e32ed0
0x0000000058eac3b0:   0000000000007530 0000000000000000
0x0000000058eac3c0:   0000000000000001 0000000071739c74
0x0000000058eac3d0:   0000000059dc6590 0000000058eac7d0
0x0000000058eac3e0:   000000000000060e 00000000000271a0
0x0000000058eac3f0:   000003f300000000 0000000000000008
0x0000000058eac400:   0000000059461f60 0000000000000001
0x0000000058eac410:   0000000059e57550 0000000000000001 

Instructions: (pc=0x0000000071774576)
0x0000000071774556:   00 49 8b 98 88 00 00 00 4c 8b 83 f0 07 00 00 4d
0x0000000071774566:   85 c0 75 0c e8 e1 fe ff ff 4c 8b 83 f0 07 00 00
0x0000000071774576:   49 8b 00 48 8b d7 48 89 83 f0 07 00 00 48 8b 5c
0x0000000071774586:   24 30 33 c0 49 89 00 49 89 40 08 49 89 40 10 49 


Register to memory mapping:

RAX=0x00000000575b7800 is a thread
RBX=0x0000000058eaeb80 is pointing into the stack for thread: 0x00000000575b7800
RCX=0x000000000000000b is an unknown value
RDX=0x000000000000060e is an unknown value
RSP=0x0000000058eac320 is pointing into the stack for thread: 0x00000000575b7800
RBP=0x0000000058eac7d0 is pointing into the stack for thread: 0x00000000575b7800
RSI=0x0000000059e574a0 is an unknown value
RDI=0x000000000000060e is an unknown value
R8 =0x0000000000594769 is an unknown value
R9 =0x0000000071af3440 is an unknown value
R10=0x00000000712d0000 is an unknown value
R11=0x0000000000000006 is an unknown value
R12=0x0000000071af3440 is an unknown value
R13=0x00000000712d0000 is an unknown value
R14=0x00000000712d0000 is an unknown value
R15=0x0000000000000000 is an unknown value


Stack: [0x0000000058db0000,0x0000000058eb0000],  sp=0x0000000058eac320,  free space=1008k
Native frames: (J=compiled Java code, j=interpreted, Vv=VM code, C=native code)
V  [jvm.dll+0x4a4576]
V  [jvm.dll+0x49fe04]
V  [jvm.dll+0x469c74]
V  [jvm.dll+0x46b923]
V  [jvm.dll+0x476c1b]
V  [jvm.dll+0x479527]
V  [jvm.dll+0x45bd02]
V  [jvm.dll+0xa6b02]
V  [jvm.dll+0xa744f]
V  [jvm.dll+0x245d2f]
V  [jvm.dll+0x29e64a]
C  [msvcr100.dll+0x21d9f]
C  [msvcr100.dll+0x21e3b]
C  [kernel32.dll+0x159cd]
C  [ntdll.dll+0x5383d]


Current CompileTask:
C2:    717  327   !   4       sun.misc.URLClassPath$JarLoader::getResource (85 bytes)


---------------  P R O C E S S  ---------------

Java Threads: ( => current thread )
  0x00000000592cc800 JavaThread "Service Thread" daemon [_thread_blocked, id=3724, stack(0x00000000589d0000,0x0000000058ad0000)]
  0x00000000575be800 JavaThread "C1 CompilerThread2" daemon [_thread_in_native, id=3664, stack(0x0000000059170000,0x0000000059270000)]
  0x00000000575bd800 JavaThread "C2 CompilerThread1" daemon [_thread_in_native, id=3876, stack(0x0000000058f70000,0x0000000059070000)]
=>0x00000000575b7800 JavaThread "C2 CompilerThread0" daemon [_thread_in_native, id=3684, stack(0x0000000058db0000,0x0000000058eb0000)]
  0x00000000575b4000 JavaThread "Attach Listener" daemon [_thread_blocked, id=1960, stack(0x0000000058bf0000,0x0000000058cf0000)]
  0x00000000575af800 JavaThread "Signal Dispatcher" daemon [_thread_blocked, id=956, stack(0x0000000058af0000,0x0000000058bf0000)]
  0x000000005759a000 JavaThread "Finalizer" daemon [_thread_blocked, id=1352, stack(0x0000000058810000,0x0000000058910000)]
  0x0000000057552800 JavaThread "Reference Handler" daemon [_thread_blocked, id=3340, stack(0x0000000058630000,0x0000000058730000)]
  0x000000000208f000 JavaThread "main" [_thread_in_vm, id=1292, stack(0x0000000002360000,0x0000000002460000)]

Other Threads:
  0x000000005754b000 VMThread [stack: 0x00000000584f0000,0x00000000585f0000] [id=1724]
  0x00000000592d4800 WatcherThread [stack: 0x0000000059750000,0x0000000059850000] [id=1996]

VM state:not at safepoint (normal execution)

VM Mutex/Monitor currently owned by a thread: None

Heap:
 PSYoungGen      total 38400K, used 11996K [0x00000000d5e00000, 0x00000000d8880000, 0x0000000100000000)
  eden space 33280K, 36% used [0x00000000d5e00000,0x00000000d69b71b8,0x00000000d7e80000)
  from space 5120K, 0% used [0x00000000d8380000,0x00000000d8380000,0x00000000d8880000)
  to   space 5120K, 0% used [0x00000000d7e80000,0x00000000d7e80000,0x00000000d8380000)
 ParOldGen       total 87552K, used 0K [0x0000000081a00000, 0x0000000086f80000, 0x00000000d5e00000)
  object space 87552K, 0% used [0x0000000081a00000,0x0000000081a00000,0x0000000086f80000)
 Metaspace       used 5722K, capacity 5868K, committed 6144K, reserved 1056768K
  class space    used 671K, capacity 728K, committed 768K, reserved 1048576K

Card table byte_map: [0x0000000011af0000,0x0000000011ef0000] byte_map_base: 0x00000000116e3000

Marking Bits: (ParMarkBitMap*) 0x0000000071af2d00
 Begin Bits: [0x0000000012890000, 0x0000000014828000)
 End Bits:   [0x0000000014828000, 0x00000000167c0000)

Polling page: 0x0000000000220000

CodeCache: size=245760Kb used=2120Kb max_used=2120Kb free=243639Kb
 bounds [0x0000000002730000, 0x00000000029a0000, 0x0000000011730000]
 total_blobs=633 nmethods=354 adapters=192
 compilation: enabled

Compilation events (10 events):
Event: 0.696 Thread 0x00000000575be800  346       3       java.security.SecureClassLoader::defineClass (16 bytes)
Event: 0.696 Thread 0x00000000575be800 nmethod 346 0x00000000029363d0 code [0x0000000002936540, 0x00000000029367b8]
Event: 0.696 Thread 0x00000000575be800  347       3       java.lang.ClassLoader::preDefineClass (109 bytes)
Event: 0.697 Thread 0x00000000575be800 nmethod 347 0x0000000002936890 code [0x0000000002936b60, 0x0000000002938068]
Event: 0.697 Thread 0x00000000575be800  348       3       java.lang.ClassLoader::defineClassSourceLocation (28 bytes)
Event: 0.698 Thread 0x00000000575be800 nmethod 348 0x0000000002938990 code [0x0000000002938b20, 0x0000000002939148]
Event: 0.698 Thread 0x00000000575be800  350       3       java.lang.ClassLoader::addClass (9 bytes)
Event: 0.698 Thread 0x00000000575be800 nmethod 350 0x0000000002939710 code [0x0000000002939880, 0x0000000002939a88]
Event: 0.698 Thread 0x00000000575be800  351       3       java.lang.ClassLoader::postDefineClass (26 bytes)
Event: 0.699 Thread 0x00000000575be800 nmethod 351 0x0000000002939b50 code [0x0000000002939ce0, 0x000000000293a218]

GC Heap History (0 events):
No events

Deoptimization events (0 events):
No events

Classes redefined (0 events):
No events

Internal exceptions (6 events):
Event: 0.036 Thread 0x000000000208f000 Exception <a 'java/lang/NoSuchMethodError': Method sun.misc.Unsafe.defineClass(Ljava/lang/String;[BII)Ljava/lang/Class; name or signature does not match> (0x00000000d5e07cb0) thrown at [C:\re\workspace\8-2-build-windows-amd64-cygwin\jdk8u181\11358\hotspot
Event: 0.036 Thread 0x000000000208f000 Exception <a 'java/lang/NoSuchMethodError': Method sun.misc.Unsafe.prefetchRead(Ljava/lang/Object;J)V name or signature does not match> (0x00000000d5e07f98) thrown at [C:\re\workspace\8-2-build-windows-amd64-cygwin\jdk8u181\11358\hotspot\src\share\vm\prim
Event: 0.340 Thread 0x000000000208f000 Exception <a 'java/security/PrivilegedActionException'> (0x00000000d61e2c00) thrown at [C:\re\workspace\8-2-build-windows-amd64-cygwin\jdk8u181\11358\hotspot\src\share\vm\prims\jvm.cpp, line 1435]
Event: 0.340 Thread 0x000000000208f000 Exception <a 'java/security/PrivilegedActionException'> (0x00000000d61e2ff8) thrown at [C:\re\workspace\8-2-build-windows-amd64-cygwin\jdk8u181\11358\hotspot\src\share\vm\prims\jvm.cpp, line 1435]
Event: 0.341 Thread 0x000000000208f000 Exception <a 'java/security/PrivilegedActionException'> (0x00000000d61e6e70) thrown at [C:\re\workspace\8-2-build-windows-amd64-cygwin\jdk8u181\11358\hotspot\src\share\vm\prims\jvm.cpp, line 1435]
Event: 0.341 Thread 0x000000000208f000 Exception <a 'java/security/PrivilegedActionException'> (0x00000000d61e7268) thrown at [C:\re\workspace\8-2-build-windows-amd64-cygwin\jdk8u181\11358\hotspot\src\share\vm\prims\jvm.cpp, line 1435]

Events (10 events):
Event: 0.702 loading class java/util/logging/Logger done
Event: 0.702 loading class java/util/logging/Handler
Event: 0.702 loading class java/util/logging/Handler done
Event: 0.702 loading class java/util/logging/Level
Event: 0.702 loading class java/util/logging/Level done
Event: 0.702 loading class java/util/logging/Level$KnownLevel
Event: 0.702 loading class java/util/logging/Level$KnownLevel done
Event: 0.703 loading class java/util/logging/Logger$LoggerBundle
Event: 0.703 loading class java/util/logging/Logger$LoggerBundle done
Event: 0.703 loading class java/util/concurrent/CopyOnWriteArrayList


Dynamic libraries:
0x000000013fe40000 - 0x000000013fe77000 	C:\Program Files\Java\jre1.8.0_181\bin\javaw.exe
0x0000000077070000 - 0x000000007720f000 	C:\Windows\SYSTEM32\ntdll.dll
0x0000000076f50000 - 0x000000007706f000 	C:\Windows\system32\kernel32.dll
0x000007fefce20000 - 0x000007fefce8a000 	C:\Windows\system32\KERNELBASE.dll
0x000007fefd250000 - 0x000007fefd32b000 	C:\Windows\system32\ADVAPI32.dll
0x000007fefe6c0000 - 0x000007fefe75f000 	C:\Windows\system32\msvcrt.dll
0x000007fefee90000 - 0x000007fefeeaf000 	C:\Windows\SYSTEM32\sechost.dll
0x000007feff040000 - 0x000007feff16d000 	C:\Windows\system32\RPCRT4.dll
0x0000000076e50000 - 0x0000000076f4a000 	C:\Windows\system32\USER32.dll
0x000007fefeaf0000 - 0x000007fefeb57000 	C:\Windows\system32\GDI32.dll
0x000007fefeae0000 - 0x000007fefeaee000 	C:\Windows\system32\LPK.dll
0x000007feff290000 - 0x000007feff35b000 	C:\Windows\system32\USP10.dll
0x000007fefb730000 - 0x000007fefb924000 	C:\Windows\WinSxS\amd64_microsoft.windows.common-controls_6595b64144ccf1df_6.0.7601.18837_none_fa3b1e3d17594757\COMCTL32.dll
0x000007fefd1d0000 - 0x000007fefd241000 	C:\Windows\system32\SHLWAPI.dll
0x000007fefd1a0000 - 0x000007fefd1ce000 	C:\Windows\system32\IMM32.DLL
0x000007feff180000 - 0x000007feff289000 	C:\Windows\system32\MSCTF.dll
0x0000000074860000 - 0x0000000074932000 	C:\Program Files\Java\jre1.8.0_181\bin\msvcr100.dll
0x00000000712d0000 - 0x0000000071b72000 	C:\Program Files\Java\jre1.8.0_181\bin\server\jvm.dll
0x000007fefaa20000 - 0x000007fefaa29000 	C:\Windows\system32\WSOCK32.dll
0x000007fefd330000 - 0x000007fefd37d000 	C:\Windows\system32\WS2_32.dll
0x000007feff170000 - 0x000007feff178000 	C:\Windows\system32\NSI.dll
0x000007fefa900000 - 0x000007fefa93b000 	C:\Windows\system32\WINMM.dll
0x000007fefbe20000 - 0x000007fefbe2c000 	C:\Windows\system32\VERSION.dll
0x0000000077220000 - 0x0000000077227000 	C:\Windows\system32\PSAPI.DLL
0x0000000074850000 - 0x000000007485f000 	C:\Program Files\Java\jre1.8.0_181\bin\verify.dll
0x0000000074820000 - 0x0000000074849000 	C:\Program Files\Java\jre1.8.0_181\bin\java.dll
0x0000000074800000 - 0x0000000074816000 	C:\Program Files\Java\jre1.8.0_181\bin\zip.dll
0x000007fefd3e0000 - 0x000007fefe16b000 	C:\Windows\system32\SHELL32.dll
0x000007fefe8e0000 - 0x000007fefeadd000 	C:\Windows\system32\ole32.dll
0x000007fefcd40000 - 0x000007fefcd4f000 	C:\Windows\system32\profapi.dll
0x000007feef040000 - 0x000007feef165000 	C:\Windows\system32\dbghelp.dll

VM Arguments:
jvm_args: -Dmaven.home=EMBEDDED -Dclassworlds.conf=D:\DrlineAutomation\.metadata\.plugins\org.eclipse.m2e.launching\launches\m2conf2886123059259985147.tmp -Dmaven.multiModuleProjectDirectory=D:\DrlineAutomation\Demo -Dfile.encoding=Cp1252 
java_command: org.codehaus.plexus.classworlds.launcher.Launcher -B clean install
java_class_path (initial): D:\New STS\sts-bundle\sts-3.9.3.RELEASE\plugins\org.eclipse.m2e.maven.runtime_1.8.3.20180227-2135\jars\plexus-classworlds-2.5.2.jar
Launcher Type: SUN_STANDARD

Environment Variables:
JAVA_HOME=C:\Program Files\Java\jdk1.8.0_181
PATH=C:/Program Files/Java/jre1.8.0_181/bin/server;C:/Program Files/Java/jre1.8.0_181/bin;C:/Program Files/Java/jre1.8.0_181/lib/amd64;C:\Program Files (x86)\Common Files\Oracle\Java\javapath;C:\Windows\system32;C:\Windows;C:\Windows\System32\Wbem;C:\Windows\System32\WindowsPowerShell\v1.0\;C:\Program Files (x86)\Intel\OpenCL SDK\3.0\bin\x86;C:\Program Files (x86)\Intel\OpenCL SDK\3.0\bin\x64;D:\New STS\sts-bundle\sts-3.9.3.RELEASE;
USERNAME=Doctospek_User
OS=Windows_NT
PROCESSOR_IDENTIFIER=Intel64 Family 6 Model 58 Stepping 9, GenuineIntel



---------------  S Y S T E M  ---------------

OS: Windows 7 , 64 bit Build 7601 (6.1.7601.24150)

CPU:total 4 (initial active 4) (2 cores per cpu, 2 threads per core) family 6 model 58 stepping 9, cmov, cx8, fxsr, mmx, sse, sse2, sse3, ssse3, sse4.1, sse4.2, popcnt, avx, aes, clmul, erms, ht, tsc, tscinvbit, tscinv

Memory: 4k page, physical 8278768k(5314984k free), swap 16555660k(13085776k free)

vm_info: Java HotSpot(TM) 64-Bit Server VM (25.181-b13) for windows-amd64 JRE (1.8.0_181-b13), built on Jul  7 2018 04:01:33 by "java_re" with MS VC++ 10.0 (VS2010)

time: Wed Feb 27 16:17:19 2019
elapsed time: 0 seconds (0d 0h 0m 0s)

